<?xml version="1.0" encoding="UTF-8"?>
<!-- Generated by org.testng.reporters.JUnitReportReporter -->
<testsuite hostname="Shaileshs-Mac.local" failures="0" tests="1" name="com.sk.tests.HomePageTest" time="0.231" errors="0" timestamp="14 Jan 2023 09:50:19 GMT" skipped="0">
  <testcase classname="com.sk.tests.HomePageTest" name="verifyTitle" time="0.231"/>
</testsuite> <!-- com.sk.tests.HomePageTest -->
