<?xml version="1.0" encoding="UTF-8"?>
<!-- Generated by org.testng.reporters.JUnitReportReporter -->
<testsuite hostname="Shaileshs-Mac.local" failures="0" tests="2" name="com.sk.tests.LoginPageTest" time="8.363" errors="0" timestamp="14 Jan 2023 09:50:19 GMT" skipped="0">
  <testcase classname="com.sk.tests.LoginPageTest" name="loginPageUrlTest" time="1.668"/>
  <testcase classname="com.sk.tests.LoginPageTest" name="enterCredentials" time="6.695"/>
</testsuite> <!-- com.sk.tests.LoginPageTest -->
